arm-none-eabi-size   WWDG_HAL.elf 
   text	   data	    bss	    dec	    hex	filename
   6048	     20	   1588	   7656	   1de8	WWDG_HAL.elf
Finished building: default.size.stdout
 

21:41:46 Build Finished. 0 errors, 0 warnings. (took 315ms)

21:41:46 **** Incremental Build of configuration Debug for project WWDG_HAL ****
make -j8 all 
arm-none-eabi-size   WWDG_HAL.elf 
   text	   data	    bss	    dec	    hex	filename
   6048	     20	   1588	   7656	   1de8	WWDG_HAL.elf
Finished building: default.size.stdout
 
21:42:18 **** Incremental Build of configuration Debug for project ADC_Reg ****
make -j8 all 
arm-none-eabi-size   ADC_Reg.elf 
   text	   data	    bss	    dec	    hex	filename
   4212	    120	   1608	   5940	   1734	ADC_Reg.elf
Finished building: default.size.stdout
 
21:43:25 **** Incremental Build of configuration Debug for project WWDG_HAL ****
make -j8 all 
arm-none-eabi-size   WWDG_HAL.elf 
   text	   data	    bss	    dec	    hex	filename
   6048	     20	   1588	   7656	   1de8	WWDG_HAL.elf
Finished building: default.size.stdout
 
21:44:24 **** Incremental Build of configuration Debug for project WWDG_HAL ****
make -j8 all 
arm-none-eabi-gcc "../Core/Src/main.c" -mcpu=cortex-m4 -std=gnu11 -g3 -DDEBUG -DUSE_HAL_DRIVER -DSTM32F407xx -c -I../Core/Inc -I../Drivers/STM32F4xx_HAL_Driver/Inc -I../Drivers/STM32F4xx_HAL_Driver/Inc/Legacy -I../Drivers/CMSIS/Device/ST/STM32F4xx/Include -I../Drivers/CMSIS/Include -O0 -ffunction-sections -fdata-sections -Wall -fstack-usage -MMD -MP -MF"Core/Src/main.d" -MT"Core/Src/main.o" --specs=nano.specs -mfpu=fpv4-sp-d16 -mfloat-abi=hard -mthumb -o "Core/Src/main.o"
arm-none-eabi-gcc -o "WWDG_HAL.elf" @"objects.list"   -mcpu=cortex-m4 -T"D:\cd\STM32\Project\STM32_Projects\WWDG_HAL\STM32F407VETX_FLASH.ld" --specs=nosys.specs -Wl,-Map="WWDG_HAL.map" -Wl,--gc-sections -static --specs=nano.specs -mfpu=fpv4-sp-d16 -mfloat-abi=hard -mthumb -Wl,--start-group -lc -lm -Wl,--end-group
Finished building target: WWDG_HAL.elf
 
arm-none-eabi-size   WWDG_HAL.elf 
arm-none-eabi-objdump -h -S  WWDG_HAL.elf  > "WWDG_HAL.list"
   text	   data	    bss	    dec	    hex	filename
   6060	     20	   1588	   7668	   1df4	WWDG_HAL.elf
Finished building: default.size.stdout
 
Finished building: WWDG_HAL.list
 
21:45:45 **** Incremental Build of configuration Debug for project WWDG_HAL ****
make -j8 all 
arm-none-eabi-gcc "../Core/Src/main.c" -mcpu=cortex-m4 -std=gnu11 -g3 -DDEBUG -DUSE_HAL_DRIVER -DSTM32F407xx -c -I../Core/Inc -I../Drivers/STM32F4xx_HAL_Driver/Inc -I../Drivers/STM32F4xx_HAL_Driver/Inc/Legacy -I../Drivers/CMSIS/Device/ST/STM32F4xx/Include -I../Drivers/CMSIS/Include -O0 -ffunction-sections -fdata-sections -Wall -fstack-usage -MMD -MP -MF"Core/Src/main.d" -MT"Core/Src/main.o" --specs=nano.specs -mfpu=fpv4-sp-d16 -mfloat-abi=hard -mthumb -o "Core/Src/main.o"
arm-none-eabi-gcc -o "WWDG_HAL.elf" @"objects.list"   -mcpu=cortex-m4 -T"D:\cd\STM32\Project\STM32_Projects\WWDG_HAL\STM32F407VETX_FLASH.ld" --specs=nosys.specs -Wl,-Map="WWDG_HAL.map" -Wl,--gc-sections -static --specs=nano.specs -mfpu=fpv4-sp-d16 -mfloat-abi=hard -mthumb -Wl,--start-group -lc -lm -Wl,--end-group
Finished building target: WWDG_HAL.elf
 
arm-none-eabi-size   WWDG_HAL.elf 
arm-none-eabi-objdump -h -S  WWDG_HAL.elf  > "WWDG_HAL.list"
   text	   data	    bss	    dec	    hex	filename
   6060	     20	   1588	   7668	   1df4	WWDG_HAL.elf
Finished building: default.size.stdout
 
Finished building: WWDG_HAL.list
 
21:47:00 **** Incremental Build of configuration Debug for project WWDG_HAL ****
make -j8 all 
arm-none-eabi-gcc "../Core/Src/main.c" -mcpu=cortex-m4 -std=gnu11 -g3 -DDEBUG -DUSE_HAL_DRIVER -DSTM32F407xx -c -I../Core/Inc -I../Drivers/STM32F4xx_HAL_Driver/Inc -I../Drivers/STM32F4xx_HAL_Driver/Inc/Legacy -I../Drivers/CMSIS/Device/ST/STM32F4xx/Include -I../Drivers/CMSIS/Include -O0 -ffunction-sections -fdata-sections -Wall -fstack-usage -MMD -MP -MF"Core/Src/main.d" -MT"Core/Src/main.o" --specs=nano.specs -mfpu=fpv4-sp-d16 -mfloat-abi=hard -mthumb -o "Core/Src/main.o"
../Core/Src/main.c:177:13: warning: 'MX_WWDG_Init' defined but not used [-Wunused-function]
  177 | static void MX_WWDG_Init(void)
      |             ^~~~~~~~~~~~
arm-none-eabi-gcc -o "WWDG_HAL.elf" @"objects.list"   -mcpu=cortex-m4 -T"D:\cd\STM32\Project\STM32_Projects\WWDG_HAL\STM32F407VETX_FLASH.ld" --specs=nosys.specs -Wl,-Map="WWDG_HAL.map" -Wl,--gc-sections -static --specs=nano.specs -mfpu=fpv4-sp-d16 -mfloat-abi=hard -mthumb -Wl,--start-group -lc -lm -Wl,--end-group
Finished building target: WWDG_HAL.elf
 
arm-none-eabi-size   WWDG_HAL.elf 
arm-none-eabi-objdump -h -S  WWDG_HAL.elf  > "WWDG_HAL.list"
   text	   data	    bss	    dec	    hex	filename
   5804	     20	   1572	   7396	   1ce4	WWDG_HAL.elf
Finished building: default.size.stdout
 
Finished building: WWDG_HAL.list
 
21:49:00 **** Incremental Build of configuration Debug for project WWDG_HAL ****
make -j8 all 
arm-none-eabi-gcc "../Core/Src/main.c" -mcpu=cortex-m4 -std=gnu11 -g3 -DDEBUG -DUSE_HAL_DRIVER -DSTM32F407xx -c -I../Core/Inc -I../Drivers/STM32F4xx_HAL_Driver/Inc -I../Drivers/STM32F4xx_HAL_Driver/Inc/Legacy -I../Drivers/CMSIS/Device/ST/STM32F4xx/Include -I../Drivers/CMSIS/Include -O0 -ffunction-sections -fdata-sections -Wall -fstack-usage -MMD -MP -MF"Core/Src/main.d" -MT"Core/Src/main.o" --specs=nano.specs -mfpu=fpv4-sp-d16 -mfloat-abi=hard -mthumb -o "Core/Src/main.o"
arm-none-eabi-gcc -o "WWDG_HAL.elf" @"objects.list"   -mcpu=cortex-m4 -T"D:\cd\STM32\Project\STM32_Projects\WWDG_HAL\STM32F407VETX_FLASH.ld" --specs=nosys.specs -Wl,-Map="WWDG_HAL.map" -Wl,--gc-sections -static --specs=nano.specs -mfpu=fpv4-sp-d16 -mfloat-abi=hard -mthumb -Wl,--start-group -lc -lm -Wl,--end-group
Finished building target: WWDG_HAL.elf
 
arm-none-eabi-size   WWDG_HAL.elf 
arm-none-eabi-objdump -h -S  WWDG_HAL.elf  > "WWDG_HAL.list"
   text	   data	    bss	    dec	    hex	filename
   6012	     20	   1588	   7620	   1dc4	WWDG_HAL.elf
Finished building: default.size.stdout
 
Finished building: WWDG_HAL.list
 
21:49:55 **** Incremental Build of configuration Debug for project WWDG_HAL ****
make -j8 all 
arm-none-eabi-gcc "../Core/Src/main.c" -mcpu=cortex-m4 -std=gnu11 -g3 -DDEBUG -DUSE_HAL_DRIVER -DSTM32F407xx -c -I../Core/Inc -I../Drivers/STM32F4xx_HAL_Driver/Inc -I../Drivers/STM32F4xx_HAL_Driver/Inc/Legacy -I../Drivers/CMSIS/Device/ST/STM32F4xx/Include -I../Drivers/CMSIS/Include -O0 -ffunction-sections -fdata-sections -Wall -fstack-usage -MMD -MP -MF"Core/Src/main.d" -MT"Core/Src/main.o" --specs=nano.specs -mfpu=fpv4-sp-d16 -mfloat-abi=hard -mthumb -o "Core/Src/main.o"
arm-none-eabi-gcc -o "WWDG_HAL.elf" @"objects.list"   -mcpu=cortex-m4 -T"D:\cd\STM32\Project\STM32_Projects\WWDG_HAL\STM32F407VETX_FLASH.ld" --specs=nosys.specs -Wl,-Map="WWDG_HAL.map" -Wl,--gc-sections -static --specs=nano.specs -mfpu=fpv4-sp-d16 -mfloat-abi=hard -mthumb -Wl,--start-group -lc -lm -Wl,--end-group
Finished building target: WWDG_HAL.elf
 
arm-none-eabi-size   WWDG_HAL.elf 
arm-none-eabi-objdump -h -S  WWDG_HAL.elf  > "WWDG_HAL.list"
   text	   data	    bss	    dec	    hex	filename
   6060	     20	   1588	   7668	   1df4	WWDG_HAL.elf
Finished building: default.size.stdout
 
Finished building: WWDG_HAL.list
 
21:50:35 **** Incremental Build of configuration Debug for project WWDG_HAL ****
make -j8 all 
arm-none-eabi-gcc "../Core/Src/main.c" -mcpu=cortex-m4 -std=gnu11 -g3 -DDEBUG -DUSE_HAL_DRIVER -DSTM32F407xx -c -I../Core/Inc -I../Drivers/STM32F4xx_HAL_Driver/Inc -I../Drivers/STM32F4xx_HAL_Driver/Inc/Legacy -I../Drivers/CMSIS/Device/ST/STM32F4xx/Include -I../Drivers/CMSIS/Include -O0 -ffunction-sections -fdata-sections -Wall -fstack-usage -MMD -MP -MF"Core/Src/main.d" -MT"Core/Src/main.o" --specs=nano.specs -mfpu=fpv4-sp-d16 -mfloat-abi=hard -mthumb -o "Core/Src/main.o"
arm-none-eabi-gcc -o "WWDG_HAL.elf" @"objects.list"   -mcpu=cortex-m4 -T"D:\cd\STM32\Project\STM32_Projects\WWDG_HAL\STM32F407VETX_FLASH.ld" --specs=nosys.specs -Wl,-Map="WWDG_HAL.map" -Wl,--gc-sections -static --specs=nano.specs -mfpu=fpv4-sp-d16 -mfloat-abi=hard -mthumb -Wl,--start-group -lc -lm -Wl,--end-group
Finished building target: WWDG_HAL.elf
 
arm-none-eabi-size   WWDG_HAL.elf 
arm-none-eabi-objdump -h -S  WWDG_HAL.elf  > "WWDG_HAL.list"
   text	   data	    bss	    dec	    hex	filename
   6060	     20	   1588	   7668	   1df4	WWDG_HAL.elf
Finished building: default.size.stdout
 
Finished building: WWDG_HAL.list
 
21:51:20 **** Incremental Build of configuration Debug for project WWDG_HAL ****
make -j8 all 
arm-none-eabi-gcc "../Core/Src/main.c" -mcpu=cortex-m4 -std=gnu11 -g3 -DDEBUG -DUSE_HAL_DRIVER -DSTM32F407xx -c -I../Core/Inc -I../Drivers/STM32F4xx_HAL_Driver/Inc -I../Drivers/STM32F4xx_HAL_Driver/Inc/Legacy -I../Drivers/CMSIS/Device/ST/STM32F4xx/Include -I../Drivers/CMSIS/Include -O0 -ffunction-sections -fdata-sections -Wall -fstack-usage -MMD -MP -MF"Core/Src/main.d" -MT"Core/Src/main.o" --specs=nano.specs -mfpu=fpv4-sp-d16 -mfloat-abi=hard -mthumb -o "Core/Src/main.o"
arm-none-eabi-gcc -o "WWDG_HAL.elf" @"objects.list"   -mcpu=cortex-m4 -T"D:\cd\STM32\Project\STM32_Projects\WWDG_HAL\STM32F407VETX_FLASH.ld" --specs=nosys.specs -Wl,-Map="WWDG_HAL.map" -Wl,--gc-sections -static --specs=nano.specs -mfpu=fpv4-sp-d16 -mfloat-abi=hard -mthumb -Wl,--start-group -lc -lm -Wl,--end-group
Finished building target: WWDG_HAL.elf
 
arm-none-eabi-size   WWDG_HAL.elf 
arm-none-eabi-objdump -h -S  WWDG_HAL.elf  > "WWDG_HAL.list"
   text	   data	    bss	    dec	    hex	filename
   6060	     20	   1588	   7668	   1df4	WWDG_HAL.elf
Finished building: default.size.stdout
 
Finished building: WWDG_HAL.list
 
21:52:51 **** Incremental Build of configuration Debug for project WWDG_HAL ****
make -j8 all 
arm-none-eabi-gcc "../Core/Src/main.c" -mcpu=cortex-m4 -std=gnu11 -g3 -DDEBUG -DUSE_HAL_DRIVER -DSTM32F407xx -c -I../Core/Inc -I../Drivers/STM32F4xx_HAL_Driver/Inc -I../Drivers/STM32F4xx_HAL_Driver/Inc/Legacy -I../Drivers/CMSIS/Device/ST/STM32F4xx/Include -I../Drivers/CMSIS/Include -O0 -ffunction-sections -fdata-sections -Wall -fstack-usage -MMD -MP -MF"Core/Src/main.d" -MT"Core/Src/main.o" --specs=nano.specs -mfpu=fpv4-sp-d16 -mfloat-abi=hard -mthumb -o "Core/Src/main.o"
arm-none-eabi-gcc -o "WWDG_HAL.elf" @"objects.list"   -mcpu=cortex-m4 -T"D:\cd\STM32\Project\STM32_Projects\WWDG_HAL\STM32F407VETX_FLASH.ld" --specs=nosys.specs -Wl,-Map="WWDG_HAL.map" -Wl,--gc-sections -static --specs=nano.specs -mfpu=fpv4-sp-d16 -mfloat-abi=hard -mthumb -Wl,--start-group -lc -lm -Wl,--end-group
Finished building target: WWDG_HAL.elf
 
arm-none-eabi-size   WWDG_HAL.elf 
arm-none-eabi-objdump -h -S  WWDG_HAL.elf  > "WWDG_HAL.list"
   text	   data	    bss	    dec	    hex	filename
   6060	     20	   1588	   7668	   1df4	WWDG_HAL.elf
Finished building: default.size.stdout
 
Finished building: WWDG_HAL.list
 
21:53:48 **** Incremental Build of configuration Debug for project WWDG_HAL ****
make -j8 all 
arm-none-eabi-gcc "../Core/Src/main.c" -mcpu=cortex-m4 -std=gnu11 -g3 -DDEBUG -DUSE_HAL_DRIVER -DSTM32F407xx -c -I../Core/Inc -I../Drivers/STM32F4xx_HAL_Driver/Inc -I../Drivers/STM32F4xx_HAL_Driver/Inc/Legacy -I../Drivers/CMSIS/Device/ST/STM32F4xx/Include -I../Drivers/CMSIS/Include -O0 -ffunction-sections -fdata-sections -Wall -fstack-usage -MMD -MP -MF"Core/Src/main.d" -MT"Core/Src/main.o" --specs=nano.specs -mfpu=fpv4-sp-d16 -mfloat-abi=hard -mthumb -o "Core/Src/main.o"
arm-none-eabi-gcc -o "WWDG_HAL.elf" @"objects.list"   -mcpu=cortex-m4 -T"D:\cd\STM32\Project\STM32_Projects\WWDG_HAL\STM32F407VETX_FLASH.ld" --specs=nosys.specs -Wl,-Map="WWDG_HAL.map" -Wl,--gc-sections -static --specs=nano.specs -mfpu=fpv4-sp-d16 -mfloat-abi=hard -mthumb -Wl,--start-group -lc -lm -Wl,--end-group
Finished building target: WWDG_HAL.elf
 
arm-none-eabi-size   WWDG_HAL.elf 
arm-none-eabi-objdump -h -S  WWDG_HAL.elf  > "WWDG_HAL.list"
   text	   data	    bss	    dec	    hex	filename
   6060	     20	   1588	   7668	   1df4	WWDG_HAL.elf
Finished building: default.size.stdout
 
Finished building: WWDG_HAL.list
 
21:54:22 **** Incremental Build of configuration Debug for project WWDG_HAL ****
make -j8 all 
arm-none-eabi-gcc "../Core/Src/main.c" -mcpu=cortex-m4 -std=gnu11 -g3 -DDEBUG -DUSE_HAL_DRIVER -DSTM32F407xx -c -I../Core/Inc -I../Drivers/STM32F4xx_HAL_Driver/Inc -I../Drivers/STM32F4xx_HAL_Driver/Inc/Legacy -I../Drivers/CMSIS/Device/ST/STM32F4xx/Include -I../Drivers/CMSIS/Include -O0 -ffunction-sections -fdata-sections -Wall -fstack-usage -MMD -MP -MF"Core/Src/main.d" -MT"Core/Src/main.o" --specs=nano.specs -mfpu=fpv4-sp-d16 -mfloat-abi=hard -mthumb -o "Core/Src/main.o"
arm-none-eabi-gcc -o "WWDG_HAL.elf" @"objects.list"   -mcpu=cortex-m4 -T"D:\cd\STM32\Project\STM32_Projects\WWDG_HAL\STM32F407VETX_FLASH.ld" --specs=nosys.specs -Wl,-Map="WWDG_HAL.map" -Wl,--gc-sections -static --specs=nano.specs -mfpu=fpv4-sp-d16 -mfloat-abi=hard -mthumb -Wl,--start-group -lc -lm -Wl,--end-group
Finished building target: WWDG_HAL.elf
 
arm-none-eabi-size   WWDG_HAL.elf 
arm-none-eabi-objdump -h -S  WWDG_HAL.elf  > "WWDG_HAL.list"
   text	   data	    bss	    dec	    hex	filename
   6060	     20	   1588	   7668	   1df4	WWDG_HAL.elf
Finished building: default.size.stdout
 
Finished building: WWDG_HAL.list
 
21:54:43 **** Incremental Build of configuration Debug for project WWDG_HAL ****
make -j8 all 
arm-none-eabi-gcc "../Core/Src/main.c" -mcpu=cortex-m4 -std=gnu11 -g3 -DDEBUG -DUSE_HAL_DRIVER -DSTM32F407xx -c -I../Core/Inc -I../Drivers/STM32F4xx_HAL_Driver/Inc -I../Drivers/STM32F4xx_HAL_Driver/Inc/Legacy -I../Drivers/CMSIS/Device/ST/STM32F4xx/Include -I../Drivers/CMSIS/Include -O0 -ffunction-sections -fdata-sections -Wall -fstack-usage -MMD -MP -MF"Core/Src/main.d" -MT"Core/Src/main.o" --specs=nano.specs -mfpu=fpv4-sp-d16 -mfloat-abi=hard -mthumb -o "Core/Src/main.o"
arm-none-eabi-gcc -o "WWDG_HAL.elf" @"objects.list"   -mcpu=cortex-m4 -T"D:\cd\STM32\Project\STM32_Projects\WWDG_HAL\STM32F407VETX_FLASH.ld" --specs=nosys.specs -Wl,-Map="WWDG_HAL.map" -Wl,--gc-sections -static --specs=nano.specs -mfpu=fpv4-sp-d16 -mfloat-abi=hard -mthumb -Wl,--start-group -lc -lm -Wl,--end-group
Finished building target: WWDG_HAL.elf
 
arm-none-eabi-size   WWDG_HAL.elf 
arm-none-eabi-objdump -h -S  WWDG_HAL.elf  > "WWDG_HAL.list"
   text	   data	    bss	    dec	    hex	filename
   6060	     20	   1588	   7668	   1df4	WWDG_HAL.elf
Finished building: default.size.stdout
 
Finished building: WWDG_HAL.list
 
21:55:02 **** Incremental Build of configuration Debug for project WWDG_HAL ****
make -j8 all 
arm-none-eabi-gcc "../Core/Src/main.c" -mcpu=cortex-m4 -std=gnu11 -g3 -DDEBUG -DUSE_HAL_DRIVER -DSTM32F407xx -c -I../Core/Inc -I../Drivers/STM32F4xx_HAL_Driver/Inc -I../Drivers/STM32F4xx_HAL_Driver/Inc/Legacy -I../Drivers/CMSIS/Device/ST/STM32F4xx/Include -I../Drivers/CMSIS/Include -O0 -ffunction-sections -fdata-sections -Wall -fstack-usage -MMD -MP -MF"Core/Src/main.d" -MT"Core/Src/main.o" --specs=nano.specs -mfpu=fpv4-sp-d16 -mfloat-abi=hard -mthumb -o "Core/Src/main.o"
arm-none-eabi-gcc -o "WWDG_HAL.elf" @"objects.list"   -mcpu=cortex-m4 -T"D:\cd\STM32\Project\STM32_Projects\WWDG_HAL\STM32F407VETX_FLASH.ld" --specs=nosys.specs -Wl,-Map="WWDG_HAL.map" -Wl,--gc-sections -static --specs=nano.specs -mfpu=fpv4-sp-d16 -mfloat-abi=hard -mthumb -Wl,--start-group -lc -lm -Wl,--end-group
Finished building target: WWDG_HAL.elf
 
arm-none-eabi-size   WWDG_HAL.elf 
arm-none-eabi-objdump -h -S  WWDG_HAL.elf  > "WWDG_HAL.list"
   text	   data	    bss	    dec	    hex	filename
   6060	     20	   1588	   7668	   1df4	WWDG_HAL.elf
Finished building: default.size.stdout
 
Finished building: WWDG_HAL.list
 
21:55:11 **** Incremental Build of configuration Debug for project WWDG_HAL ****
make -j8 all 
arm-none-eabi-size   WWDG_HAL.elf 
   text	   data	    bss	    dec	    hex	filename
   6060	     20	   1588	   7668	   1df4	WWDG_HAL.elf
Finished building: default.size.stdout
 
